2023-02-24 03:30:37 DEBUG TelegramBot:32 - hello My friend
2023-02-24 03:35:53 DEBUG TelegramBot:35 - hello
2023-02-24 03:35:53 ERROR TelegramBot:50 - Unable to deserialize response
2023-03-01 15:29:06 DEBUG UpdateProducerImpl:16 - Hello 2
2023-03-01 15:29:13 ERROR UpdateController:38 - Unsupported message type is received: Update(updateId=358571327, message=null, inlineQuery=null, chosenInlineQuery=null, callbackQuery=null, editedMessage=Message(messageId=8, from=User(id=1862258990, firstName=Владимир, isBot=false, lastName=Ильяшенко, userName=vladillshk, languageCode=ru, canJoinGroups=null, canReadAllGroupMessages=null, supportInlineQueries=null), date=1677673745, chat=Chat(id=1862258990, type=private, title=null, firstName=Владимир, lastName=Ильяшенко, userName=vladillshk, photo=null, description=null, inviteLink=null, pinnedMessage=null, stickerSetName=null, canSetStickerSet=null, permissions=null, slowModeDelay=null, bio=null, linkedChatId=null, location=null, messageAutoDeleteTime=null, hasPrivateForwards=null, HasProtectedContent=null), forwardFrom=null, forwardFromChat=null, forwardDate=null, text=Hello 2dd, entities=null, captionEntities=null, audio=null, document=null, photo=null, sticker=null, video=null, contact=null, location=null, venue=null, animation=null, pinnedMessage=null, newChatMembers=[], leftChatMember=null, newChatTitle=null, newChatPhoto=null, deleteChatPhoto=null, groupchatCreated=null, replyToMessage=null, voice=null, caption=null, superGroupCreated=null, channelChatCreated=null, migrateToChatId=null, migrateFromChatId=null, editDate=1677673752, game=null, forwardFromMessageId=null, invoice=null, successfulPayment=null, videoNote=null, authorSignature=null, forwardSignature=null, mediaGroupId=null, connectedWebsite=null, passportData=null, forwardSenderName=null, poll=null, replyMarkup=null, dice=null, viaBot=null, senderChat=null, proximityAlertTriggered=null, messageAutoDeleteTimerChanged=null, isAutomaticForward=null, hasProtectedContent=null, webAppData=null, videoChatStarted=null, videoChatEnded=null, videoChatParticipantsInvited=null, videoChatScheduled=null), channelPost=null, editedChannelPost=null, shippingQuery=null, preCheckoutQuery=null, poll=null, pollAnswer=null, myChatMember=null, chatMember=null, chatJoinRequest=null)
2023-03-01 15:29:58 DEBUG UpdateProducerImpl:16 - 
2023-03-02 16:29:02 DEBUG UpdateProducerImpl:23 - hello
2023-03-02 16:30:03 DEBUG UpdateProducerImpl:23 - hello world
2023-03-02 16:30:08 DEBUG UpdateProducerImpl:23 - sosi bibu
2023-03-02 16:32:58 DEBUG UpdateProducerImpl:23 - hello brother
2023-03-02 16:57:09 DEBUG UpdateProducerImpl:23 - hello my friend
2023-03-02 16:57:13 DEBUG UpdateProducerImpl:23 - how are you
2023-03-02 16:58:16 DEBUG UpdateProducerImpl:23 - sdfg
2023-03-02 16:58:24 DEBUG UpdateProducerImpl:23 - how are you
2023-03-02 17:01:23 DEBUG UpdateProducerImpl:23 - hi
2023-03-02 17:01:26 DEBUG UpdateProducerImpl:23 - how aer you
2023-03-02 17:01:32 DEBUG UpdateProducerImpl:23 - wtf
2023-03-02 17:01:35 DEBUG UpdateProducerImpl:23 - aa
2023-03-02 17:01:44 DEBUG UpdateProducerImpl:23 - 
2023-03-02 17:01:47 DEBUG UpdateProducerImpl:23 - jjj
2023-03-02 17:02:02 DEBUG UpdateProducerImpl:23 - Hello from chat
2023-03-02 18:57:06 DEBUG UpdateProducerImpl:23 - sosi bibu
2023-03-02 18:58:48 DEBUG UpdateProducerImpl:23 - sosi bibu 2
2023-03-02 18:59:27 DEBUG UpdateProducerImpl:23 - adsadfasf
2023-03-02 18:59:28 DEBUG UpdateProducerImpl:23 - asdf
2023-03-02 18:59:46 DEBUG UpdateProducerImpl:23 - asdfasdf
2023-03-02 18:59:55 DEBUG UpdateProducerImpl:23 - sosihui 2
2023-03-02 19:00:07 DEBUG UpdateProducerImpl:23 - hzshki
2023-03-02 19:00:10 DEBUG UpdateProducerImpl:23 - shldf
2023-03-02 19:00:11 DEBUG UpdateProducerImpl:23 - asdf
2023-03-02 19:00:11 DEBUG UpdateProducerImpl:23 - asdf
2023-03-02 19:00:13 DEBUG UpdateProducerImpl:23 - ffff
2023-03-02 19:00:14 DEBUG UpdateProducerImpl:23 - dddd
2023-03-02 19:00:27 DEBUG UpdateProducerImpl:23 - dddd
2023-03-02 19:00:38 DEBUG UpdateProducerImpl:23 - sosihui
2023-03-02 19:00:47 DEBUG UpdateProducerImpl:23 - hhh
2023-03-02 19:00:51 DEBUG UpdateProducerImpl:23 - sosi
2023-03-02 19:00:56 DEBUG UpdateProducerImpl:23 - sosi
2023-03-02 19:00:58 DEBUG UpdateProducerImpl:23 - sosi
2023-03-02 19:01:10 DEBUG UpdateProducerImpl:23 - hhh
2023-03-02 19:01:11 DEBUG UpdateProducerImpl:23 - hhh
2023-03-02 19:01:12 DEBUG UpdateProducerImpl:23 - hh
2023-03-02 19:01:14 DEBUG UpdateProducerImpl:23 - hhh
2023-03-02 19:01:15 DEBUG UpdateProducerImpl:23 - hh
2023-03-02 19:03:38 DEBUG UpdateProducerImpl:23 - hello
2023-03-02 19:03:41 DEBUG UpdateProducerImpl:23 - how ar
2023-03-02 19:03:46 DEBUG UpdateProducerImpl:23 - hi
2023-03-02 19:03:55 DEBUG UpdateProducerImpl:23 - hi
2023-03-02 19:04:16 DEBUG UpdateProducerImpl:23 - 
2023-03-02 19:04:32 DEBUG UpdateProducerImpl:23 - 
2023-03-03 15:29:11 DEBUG UpdateProducerImpl:23 - hi
2023-03-03 15:29:15 DEBUG UpdateProducerImpl:23 - hi
2023-03-03 15:29:17 DEBUG UpdateProducerImpl:23 - hi
2023-03-03 16:23:08 ERROR UpdateController:38 - Unsupported message type is received: Update(updateId=358571376, message=null, inlineQuery=null, chosenInlineQuery=null, callbackQuery=null, editedMessage=null, channelPost=null, editedChannelPost=null, shippingQuery=null, preCheckoutQuery=null, poll=null, pollAnswer=null, myChatMember=ChatMemberUpdated(chat=Chat(id=1862258990, type=private, title=null, firstName=Владимир, lastName=Ильяшенко, userName=vladillshk, photo=null, description=null, inviteLink=null, pinnedMessage=null, stickerSetName=null, canSetStickerSet=null, permissions=null, slowModeDelay=null, bio=null, linkedChatId=null, location=null, messageAutoDeleteTime=null, hasPrivateForwards=null, HasProtectedContent=null), from=User(id=1862258990, firstName=Владимир, isBot=false, lastName=Ильяшенко, userName=vladillshk, languageCode=ru, canJoinGroups=null, canReadAllGroupMessages=null, supportInlineQueries=null), date=1677849788, oldChatMember=ChatMemberMember(status=member, user=User(id=5989439759, firstName=VoldiDataBot, isBot=true, lastName=null, userName=VoldiDatabot, languageCode=null, canJoinGroups=null, canReadAllGroupMessages=null, supportInlineQueries=null)), newChatMember=ChatMemberBanned(status=kicked, user=User(id=5989439759, firstName=VoldiDataBot, isBot=true, lastName=null, userName=VoldiDatabot, languageCode=null, canJoinGroups=null, canReadAllGroupMessages=null, supportInlineQueries=null), untilDate=0), inviteLink=null), chatMember=null, chatJoinRequest=null)
2023-03-03 16:23:09 ERROR UpdateController:38 - Unsupported message type is received: Update(updateId=358571377, message=null, inlineQuery=null, chosenInlineQuery=null, callbackQuery=null, editedMessage=null, channelPost=null, editedChannelPost=null, shippingQuery=null, preCheckoutQuery=null, poll=null, pollAnswer=null, myChatMember=ChatMemberUpdated(chat=Chat(id=1862258990, type=private, title=null, firstName=Владимир, lastName=Ильяшенко, userName=vladillshk, photo=null, description=null, inviteLink=null, pinnedMessage=null, stickerSetName=null, canSetStickerSet=null, permissions=null, slowModeDelay=null, bio=null, linkedChatId=null, location=null, messageAutoDeleteTime=null, hasPrivateForwards=null, HasProtectedContent=null), from=User(id=1862258990, firstName=Владимир, isBot=false, lastName=Ильяшенко, userName=vladillshk, languageCode=ru, canJoinGroups=null, canReadAllGroupMessages=null, supportInlineQueries=null), date=1677849789, oldChatMember=ChatMemberBanned(status=kicked, user=User(id=5989439759, firstName=VoldiDataBot, isBot=true, lastName=null, userName=VoldiDatabot, languageCode=null, canJoinGroups=null, canReadAllGroupMessages=null, supportInlineQueries=null), untilDate=0), newChatMember=ChatMemberMember(status=member, user=User(id=5989439759, firstName=VoldiDataBot, isBot=true, lastName=null, userName=VoldiDatabot, languageCode=null, canJoinGroups=null, canReadAllGroupMessages=null, supportInlineQueries=null)), inviteLink=null), chatMember=null, chatJoinRequest=null)
2023-03-03 16:23:09 DEBUG UpdateProducerImpl:23 - /start
2023-03-03 16:24:10 DEBUG UpdateProducerImpl:23 - /start
2023-03-03 16:24:13 DEBUG UpdateProducerImpl:23 - /cancel
2023-03-03 16:24:15 DEBUG UpdateProducerImpl:23 - /start
2023-03-03 16:24:16 DEBUG UpdateProducerImpl:23 - /start
2023-03-03 16:24:22 DEBUG UpdateProducerImpl:23 - /help
2023-03-03 16:24:23 DEBUG UpdateProducerImpl:23 - /help
2023-03-03 16:24:27 DEBUG UpdateProducerImpl:23 - /registration
2023-03-03 16:24:28 DEBUG UpdateProducerImpl:23 - /registration
2023-03-03 16:24:30 DEBUG UpdateProducerImpl:23 - /cancel
2023-03-03 16:24:31 DEBUG UpdateProducerImpl:23 - /cancel
2023-03-03 16:24:35 DEBUG UpdateProducerImpl:23 - ghbdtn
2023-03-03 16:24:36 DEBUG UpdateProducerImpl:23 - ghbt
2023-03-03 16:24:47 DEBUG UpdateProducerImpl:23 - 
2023-03-03 16:24:55 DEBUG UpdateProducerImpl:23 - 
2023-03-03 16:25:00 DEBUG UpdateProducerImpl:23 - 
2023-03-03 16:26:30 ERROR UpdateController:38 - Unsupported message type is received: Update(updateId=358571394, message=null, inlineQuery=null, chosenInlineQuery=null, callbackQuery=null, editedMessage=null, channelPost=null, editedChannelPost=null, shippingQuery=null, preCheckoutQuery=null, poll=null, pollAnswer=null, myChatMember=ChatMemberUpdated(chat=Chat(id=1862258990, type=private, title=null, firstName=Владимир, lastName=Ильяшенко, userName=vladillshk, photo=null, description=null, inviteLink=null, pinnedMessage=null, stickerSetName=null, canSetStickerSet=null, permissions=null, slowModeDelay=null, bio=null, linkedChatId=null, location=null, messageAutoDeleteTime=null, hasPrivateForwards=null, HasProtectedContent=null), from=User(id=1862258990, firstName=Владимир, isBot=false, lastName=Ильяшенко, userName=vladillshk, languageCode=ru, canJoinGroups=null, canReadAllGroupMessages=null, supportInlineQueries=null), date=1677849990, oldChatMember=ChatMemberMember(status=member, user=User(id=5989439759, firstName=VoldiDataBot, isBot=true, lastName=null, userName=VoldiDatabot, languageCode=null, canJoinGroups=null, canReadAllGroupMessages=null, supportInlineQueries=null)), newChatMember=ChatMemberBanned(status=kicked, user=User(id=5989439759, firstName=VoldiDataBot, isBot=true, lastName=null, userName=VoldiDatabot, languageCode=null, canJoinGroups=null, canReadAllGroupMessages=null, supportInlineQueries=null), untilDate=0), inviteLink=null), chatMember=null, chatJoinRequest=null)
2023-03-03 16:26:31 ERROR UpdateController:38 - Unsupported message type is received: Update(updateId=358571395, message=null, inlineQuery=null, chosenInlineQuery=null, callbackQuery=null, editedMessage=null, channelPost=null, editedChannelPost=null, shippingQuery=null, preCheckoutQuery=null, poll=null, pollAnswer=null, myChatMember=ChatMemberUpdated(chat=Chat(id=1862258990, type=private, title=null, firstName=Владимир, lastName=Ильяшенко, userName=vladillshk, photo=null, description=null, inviteLink=null, pinnedMessage=null, stickerSetName=null, canSetStickerSet=null, permissions=null, slowModeDelay=null, bio=null, linkedChatId=null, location=null, messageAutoDeleteTime=null, hasPrivateForwards=null, HasProtectedContent=null), from=User(id=1862258990, firstName=Владимир, isBot=false, lastName=Ильяшенко, userName=vladillshk, languageCode=ru, canJoinGroups=null, canReadAllGroupMessages=null, supportInlineQueries=null), date=1677849991, oldChatMember=ChatMemberBanned(status=kicked, user=User(id=5989439759, firstName=VoldiDataBot, isBot=true, lastName=null, userName=VoldiDatabot, languageCode=null, canJoinGroups=null, canReadAllGroupMessages=null, supportInlineQueries=null), untilDate=0), newChatMember=ChatMemberMember(status=member, user=User(id=5989439759, firstName=VoldiDataBot, isBot=true, lastName=null, userName=VoldiDatabot, languageCode=null, canJoinGroups=null, canReadAllGroupMessages=null, supportInlineQueries=null)), inviteLink=null), chatMember=null, chatJoinRequest=null)
2023-03-03 16:26:31 DEBUG UpdateProducerImpl:23 - /start
2023-03-03 16:26:32 DEBUG UpdateProducerImpl:23 - /start
2023-03-03 16:26:34 DEBUG UpdateProducerImpl:23 - /help
2023-03-03 16:26:34 DEBUG UpdateProducerImpl:23 - /help
2023-03-03 16:26:35 DEBUG UpdateProducerImpl:23 - /cancel
2023-03-03 16:26:36 DEBUG UpdateProducerImpl:23 - /cancel
2023-03-03 16:26:37 DEBUG UpdateProducerImpl:23 - /registration
2023-03-03 16:26:38 DEBUG UpdateProducerImpl:23 - /registration
2023-03-03 16:26:45 DEBUG UpdateProducerImpl:23 - 
2023-03-03 16:26:51 DEBUG UpdateProducerImpl:23 - 
2023-03-03 16:32:15 DEBUG UpdateProducerImpl:23 - adf
2023-03-03 16:32:16 DEBUG UpdateProducerImpl:23 - asdf
2023-03-03 16:32:17 DEBUG UpdateProducerImpl:23 - adf
2023-03-03 16:32:20 DEBUG UpdateProducerImpl:23 - af
2023-03-03 16:32:20 DEBUG UpdateProducerImpl:23 - asd
2023-03-03 16:32:21 DEBUG UpdateProducerImpl:23 - asdf
2023-03-03 16:32:23 DEBUG UpdateProducerImpl:23 - asdf
2023-03-03 16:32:24 DEBUG UpdateProducerImpl:23 - asf
2023-03-03 16:32:25 DEBUG UpdateProducerImpl:23 - asf
2023-03-03 16:32:34 ERROR UpdateController:38 - Unsupported message type is received: Update(updateId=358571415, message=null, inlineQuery=null, chosenInlineQuery=null, callbackQuery=null, editedMessage=null, channelPost=null, editedChannelPost=null, shippingQuery=null, preCheckoutQuery=null, poll=null, pollAnswer=null, myChatMember=ChatMemberUpdated(chat=Chat(id=1862258990, type=private, title=null, firstName=Владимир, lastName=Ильяшенко, userName=vladillshk, photo=null, description=null, inviteLink=null, pinnedMessage=null, stickerSetName=null, canSetStickerSet=null, permissions=null, slowModeDelay=null, bio=null, linkedChatId=null, location=null, messageAutoDeleteTime=null, hasPrivateForwards=null, HasProtectedContent=null), from=User(id=1862258990, firstName=Владимир, isBot=false, lastName=Ильяшенко, userName=vladillshk, languageCode=ru, canJoinGroups=null, canReadAllGroupMessages=null, supportInlineQueries=null), date=1677850354, oldChatMember=ChatMemberMember(status=member, user=User(id=5989439759, firstName=VoldiDataBot, isBot=true, lastName=null, userName=VoldiDatabot, languageCode=null, canJoinGroups=null, canReadAllGroupMessages=null, supportInlineQueries=null)), newChatMember=ChatMemberBanned(status=kicked, user=User(id=5989439759, firstName=VoldiDataBot, isBot=true, lastName=null, userName=VoldiDatabot, languageCode=null, canJoinGroups=null, canReadAllGroupMessages=null, supportInlineQueries=null), untilDate=0), inviteLink=null), chatMember=null, chatJoinRequest=null)
2023-03-03 16:32:35 ERROR UpdateController:38 - Unsupported message type is received: Update(updateId=358571416, message=null, inlineQuery=null, chosenInlineQuery=null, callbackQuery=null, editedMessage=null, channelPost=null, editedChannelPost=null, shippingQuery=null, preCheckoutQuery=null, poll=null, pollAnswer=null, myChatMember=ChatMemberUpdated(chat=Chat(id=1862258990, type=private, title=null, firstName=Владимир, lastName=Ильяшенко, userName=vladillshk, photo=null, description=null, inviteLink=null, pinnedMessage=null, stickerSetName=null, canSetStickerSet=null, permissions=null, slowModeDelay=null, bio=null, linkedChatId=null, location=null, messageAutoDeleteTime=null, hasPrivateForwards=null, HasProtectedContent=null), from=User(id=1862258990, firstName=Владимир, isBot=false, lastName=Ильяшенко, userName=vladillshk, languageCode=ru, canJoinGroups=null, canReadAllGroupMessages=null, supportInlineQueries=null), date=1677850355, oldChatMember=ChatMemberBanned(status=kicked, user=User(id=5989439759, firstName=VoldiDataBot, isBot=true, lastName=null, userName=VoldiDatabot, languageCode=null, canJoinGroups=null, canReadAllGroupMessages=null, supportInlineQueries=null), untilDate=0), newChatMember=ChatMemberMember(status=member, user=User(id=5989439759, firstName=VoldiDataBot, isBot=true, lastName=null, userName=VoldiDatabot, languageCode=null, canJoinGroups=null, canReadAllGroupMessages=null, supportInlineQueries=null)), inviteLink=null), chatMember=null, chatJoinRequest=null)
2023-03-03 16:32:35 DEBUG UpdateProducerImpl:23 - /start
2023-03-03 16:32:38 DEBUG UpdateProducerImpl:23 - руддщ
2023-03-03 16:32:43 DEBUG UpdateProducerImpl:23 - hello
2023-03-03 16:32:45 DEBUG UpdateProducerImpl:23 - how are you
2023-03-03 16:32:47 DEBUG UpdateProducerImpl:23 - hello
2023-03-03 16:32:50 DEBUG UpdateProducerImpl:23 - how are you
2023-03-03 16:32:52 DEBUG UpdateProducerImpl:23 - sede
2023-03-03 16:32:54 DEBUG UpdateProducerImpl:23 - sede
2023-03-03 16:32:55 DEBUG UpdateProducerImpl:23 - sede
2023-03-03 16:32:55 DEBUG UpdateProducerImpl:23 - sed
2023-03-03 16:32:56 DEBUG UpdateProducerImpl:23 - sdse
2023-03-03 16:32:57 DEBUG UpdateProducerImpl:23 - dsed
2023-03-03 16:32:58 DEBUG UpdateProducerImpl:23 - dsedf
2023-03-03 16:32:59 DEBUG UpdateProducerImpl:23 - asdf
2023-03-03 16:33:00 DEBUG UpdateProducerImpl:23 - dasf
2023-03-03 16:33:00 DEBUG UpdateProducerImpl:23 - adf
2023-03-03 16:33:00 DEBUG UpdateProducerImpl:23 - adsf
2023-03-03 16:33:01 DEBUG UpdateProducerImpl:23 - adsf
2023-03-03 16:33:01 DEBUG UpdateProducerImpl:23 - adsf
2023-03-03 16:33:01 DEBUG UpdateProducerImpl:23 - asdf
2023-03-03 16:33:02 DEBUG UpdateProducerImpl:23 - df
2023-03-03 16:33:02 DEBUG UpdateProducerImpl:23 - adsf
2023-03-03 16:33:02 DEBUG UpdateProducerImpl:23 - ads
2023-03-03 16:33:03 DEBUG UpdateProducerImpl:23 - fdsa
2023-03-03 16:33:03 DEBUG UpdateProducerImpl:23 - sdf
2023-03-03 16:33:03 DEBUG UpdateProducerImpl:23 - d
2023-03-03 16:33:04 DEBUG UpdateProducerImpl:23 - d
2023-03-03 16:33:04 DEBUG UpdateProducerImpl:23 - d
2023-03-03 16:33:05 DEBUG UpdateProducerImpl:23 - f
2023-03-03 16:33:06 DEBUG UpdateProducerImpl:23 - g
2023-03-03 16:33:06 DEBUG UpdateProducerImpl:23 - g
2023-03-03 16:33:06 DEBUG UpdateProducerImpl:23 - g
2023-03-03 16:33:07 DEBUG UpdateProducerImpl:23 - f
2023-03-03 16:33:07 DEBUG UpdateProducerImpl:23 - f
2023-03-03 16:33:08 DEBUG UpdateProducerImpl:23 - f
2023-03-03 16:33:08 DEBUG UpdateProducerImpl:23 - f
2023-03-03 16:33:08 DEBUG UpdateProducerImpl:23 - f
2023-03-03 16:33:09 DEBUG UpdateProducerImpl:23 - f
2023-03-03 16:33:09 DEBUG UpdateProducerImpl:23 - f
2023-03-03 16:33:09 DEBUG UpdateProducerImpl:23 - f
2023-03-03 16:33:09 DEBUG UpdateProducerImpl:23 - f
2023-03-03 16:33:10 DEBUG UpdateProducerImpl:23 - f
2023-03-03 16:33:10 DEBUG UpdateProducerImpl:23 - f
2023-03-03 16:33:11 DEBUG UpdateProducerImpl:23 - f
2023-03-03 16:34:35 ERROR UpdateController:38 - Unsupported message type is received: Update(updateId=358571461, message=null, inlineQuery=null, chosenInlineQuery=null, callbackQuery=null, editedMessage=null, channelPost=null, editedChannelPost=null, shippingQuery=null, preCheckoutQuery=null, poll=null, pollAnswer=null, myChatMember=ChatMemberUpdated(chat=Chat(id=1862258990, type=private, title=null, firstName=Владимир, lastName=Ильяшенко, userName=vladillshk, photo=null, description=null, inviteLink=null, pinnedMessage=null, stickerSetName=null, canSetStickerSet=null, permissions=null, slowModeDelay=null, bio=null, linkedChatId=null, location=null, messageAutoDeleteTime=null, hasPrivateForwards=null, HasProtectedContent=null), from=User(id=1862258990, firstName=Владимир, isBot=false, lastName=Ильяшенко, userName=vladillshk, languageCode=ru, canJoinGroups=null, canReadAllGroupMessages=null, supportInlineQueries=null), date=1677850475, oldChatMember=ChatMemberMember(status=member, user=User(id=5989439759, firstName=VoldiDataBot, isBot=true, lastName=null, userName=VoldiDatabot, languageCode=null, canJoinGroups=null, canReadAllGroupMessages=null, supportInlineQueries=null)), newChatMember=ChatMemberBanned(status=kicked, user=User(id=5989439759, firstName=VoldiDataBot, isBot=true, lastName=null, userName=VoldiDatabot, languageCode=null, canJoinGroups=null, canReadAllGroupMessages=null, supportInlineQueries=null), untilDate=0), inviteLink=null), chatMember=null, chatJoinRequest=null)
2023-03-03 16:34:36 ERROR UpdateController:38 - Unsupported message type is received: Update(updateId=358571462, message=null, inlineQuery=null, chosenInlineQuery=null, callbackQuery=null, editedMessage=null, channelPost=null, editedChannelPost=null, shippingQuery=null, preCheckoutQuery=null, poll=null, pollAnswer=null, myChatMember=ChatMemberUpdated(chat=Chat(id=1862258990, type=private, title=null, firstName=Владимир, lastName=Ильяшенко, userName=vladillshk, photo=null, description=null, inviteLink=null, pinnedMessage=null, stickerSetName=null, canSetStickerSet=null, permissions=null, slowModeDelay=null, bio=null, linkedChatId=null, location=null, messageAutoDeleteTime=null, hasPrivateForwards=null, HasProtectedContent=null), from=User(id=1862258990, firstName=Владимир, isBot=false, lastName=Ильяшенко, userName=vladillshk, languageCode=ru, canJoinGroups=null, canReadAllGroupMessages=null, supportInlineQueries=null), date=1677850476, oldChatMember=ChatMemberBanned(status=kicked, user=User(id=5989439759, firstName=VoldiDataBot, isBot=true, lastName=null, userName=VoldiDatabot, languageCode=null, canJoinGroups=null, canReadAllGroupMessages=null, supportInlineQueries=null), untilDate=0), newChatMember=ChatMemberMember(status=member, user=User(id=5989439759, firstName=VoldiDataBot, isBot=true, lastName=null, userName=VoldiDatabot, languageCode=null, canJoinGroups=null, canReadAllGroupMessages=null, supportInlineQueries=null)), inviteLink=null), chatMember=null, chatJoinRequest=null)
2023-03-03 16:34:36 DEBUG UpdateProducerImpl:23 - /start
2023-03-03 16:34:39 DEBUG UpdateProducerImpl:23 - /help
2023-03-03 16:34:42 DEBUG UpdateProducerImpl:23 - /cancel
2023-03-03 16:34:43 DEBUG UpdateProducerImpl:23 - /registration
2023-03-03 16:34:47 DEBUG UpdateProducerImpl:23 - hello
2023-03-03 16:34:49 DEBUG UpdateProducerImpl:23 - how are you
2023-03-03 16:34:52 DEBUG UpdateProducerImpl:23 - i am nice
2023-03-03 16:34:57 DEBUG UpdateProducerImpl:23 - and what about you
2023-03-03 16:35:10 DEBUG UpdateProducerImpl:23 - 
2023-03-03 17:33:47 DEBUG UpdateProducerImpl:23 - hello
2023-03-03 17:34:05 DEBUG UpdateProducerImpl:23 - 
2023-03-03 17:39:33 DEBUG UpdateProducerImpl:23 - hello
2023-03-03 17:39:45 DEBUG UpdateProducerImpl:23 - 
2023-03-03 18:17:04 DEBUG UpdateProducerImpl:23 - hello
2023-03-03 18:17:11 DEBUG UpdateProducerImpl:23 - 
2023-03-04 19:18:19 DEBUG UpdateProducerImpl:23 - Hello
2023-03-04 19:18:22 DEBUG UpdateProducerImpl:23 - How are you
2023-03-04 19:18:31 DEBUG UpdateProducerImpl:23 - 
2023-03-04 19:21:03 DEBUG UpdateProducerImpl:23 - hello
2023-03-04 19:21:06 DEBUG UpdateProducerImpl:23 - how are you
2023-03-04 19:21:13 DEBUG UpdateProducerImpl:23 - 
2023-03-04 21:35:34 DEBUG UpdateProducerImpl:23 - ghbdtn
2023-03-04 21:35:42 DEBUG UpdateProducerImpl:23 - 
2023-03-04 21:39:51 DEBUG UpdateProducerImpl:23 - /start
2023-03-04 21:39:56 DEBUG UpdateProducerImpl:23 - /help
2023-03-04 21:40:07 DEBUG UpdateProducerImpl:23 - 
2023-03-04 21:40:14 DEBUG UpdateProducerImpl:23 - hello
2023-03-04 21:43:10 DEBUG UpdateProducerImpl:23 - hy
2023-03-04 21:43:16 DEBUG UpdateProducerImpl:23 - 
2023-03-04 21:43:22 DEBUG UpdateProducerImpl:23 - /help
2023-03-04 21:43:23 DEBUG UpdateProducerImpl:23 - /registration
2023-03-04 21:43:32 DEBUG UpdateProducerImpl:23 - vova
2023-03-04 21:43:51 DEBUG UpdateProducerImpl:23 - vova.ilyshenko2016@gmail.com
2023-03-04 21:44:45 DEBUG UpdateProducerImpl:23 - hello
2023-03-04 21:44:51 DEBUG UpdateProducerImpl:23 - 
2023-03-04 21:45:13 DEBUG UpdateProducerImpl:23 - /registration
2023-03-04 21:45:51 DEBUG UpdateProducerImpl:23 - /cancel
2023-03-04 21:45:54 DEBUG UpdateProducerImpl:23 - /registration
2023-03-04 21:53:48 DEBUG UpdateProducerImpl:23 - hello
2023-03-04 21:53:56 DEBUG UpdateProducerImpl:23 - 
2023-03-04 21:54:03 DEBUG UpdateProducerImpl:23 - /registration
2023-03-04 21:54:18 DEBUG UpdateProducerImpl:23 - vova.ilyshenko2016@gmail.com
2023-03-04 21:54:43 DEBUG UpdateProducerImpl:23 - 
